[INFO  - 2016-10-10T12:34:57.154Z] GhostDriver - Main - running on port 35384
[INFO  - 2016-10-10T12:34:57.703Z] Session [f4322200-8ee5-11e6-b47a-813b56252a62] - page.settings - {"XSSAuditingEnabled":false,"javascriptCanCloseWindows":true,"javascriptCanOpenWindows":true,"javascriptEnabled":true,"loadImages":true,"localToRemoteUrlAccessEnabled":false,"userAgent":"Mozilla/5.0 (Windows NT 6.2; WOW64) AppleWebKit/538.1 (KHTML, like Gecko) PhantomJS/2.1.1 Safari/538.1","webSecurityEnabled":true}
[INFO  - 2016-10-10T12:34:57.703Z] Session [f4322200-8ee5-11e6-b47a-813b56252a62] - page.customHeaders:  - {}
[INFO  - 2016-10-10T12:34:57.703Z] Session [f4322200-8ee5-11e6-b47a-813b56252a62] - Session.negotiatedCapabilities - {"browserName":"phantomjs","version":"2.1.1","driverName":"ghostdriver","driverVersion":"1.2.0","platform":"windows-8.1-32bit","javascriptEnabled":true,"takesScreenshot":true,"handlesAlerts":false,"databaseEnabled":false,"locationContextEnabled":false,"applicationCacheEnabled":false,"browserConnectionEnabled":false,"cssSelectorsEnabled":true,"webStorageEnabled":false,"rotatable":false,"acceptSslCerts":false,"nativeEvents":true,"proxy":{"proxyType":"direct"}}
[INFO  - 2016-10-10T12:34:57.703Z] SessionManagerReqHand - _postNewSessionCommand - New Session Created: f4322200-8ee5-11e6-b47a-813b56252a62
[INFO  - 2016-10-10T12:35:37.523Z] ShutdownReqHand - _handle - About to shutdown
[INFO  - 2016-10-10T12:37:49.997Z] GhostDriver - Main - running on port 35131
[INFO  - 2016-10-10T12:37:50.299Z] Session [5b125850-8ee6-11e6-83bf-1959af0257ce] - page.settings - {"XSSAuditingEnabled":false,"javascriptCanCloseWindows":true,"javascriptCanOpenWindows":true,"javascriptEnabled":true,"loadImages":true,"localToRemoteUrlAccessEnabled":false,"userAgent":"Mozilla/5.0 (Windows NT 6.2; WOW64) AppleWebKit/538.1 (KHTML, like Gecko) PhantomJS/2.1.1 Safari/538.1","webSecurityEnabled":true}
[INFO  - 2016-10-10T12:37:50.299Z] Session [5b125850-8ee6-11e6-83bf-1959af0257ce] - page.customHeaders:  - {}
[INFO  - 2016-10-10T12:37:50.299Z] Session [5b125850-8ee6-11e6-83bf-1959af0257ce] - Session.negotiatedCapabilities - {"browserName":"phantomjs","version":"2.1.1","driverName":"ghostdriver","driverVersion":"1.2.0","platform":"windows-8.1-32bit","javascriptEnabled":true,"takesScreenshot":true,"handlesAlerts":false,"databaseEnabled":false,"locationContextEnabled":false,"applicationCacheEnabled":false,"browserConnectionEnabled":false,"cssSelectorsEnabled":true,"webStorageEnabled":false,"rotatable":false,"acceptSslCerts":false,"nativeEvents":true,"proxy":{"proxyType":"direct"}}
[INFO  - 2016-10-10T12:37:50.299Z] SessionManagerReqHand - _postNewSessionCommand - New Session Created: 5b125850-8ee6-11e6-83bf-1959af0257ce
[INFO  - 2016-10-10T12:38:22.206Z] ShutdownReqHand - _handle - About to shutdown
[INFO  - 2016-10-10T12:46:03.373Z] GhostDriver - Main - running on port 2271
[INFO  - 2016-10-10T12:46:03.975Z] Session [81532c00-8ee7-11e6-81e1-9b2062fa4589] - page.settings - {"XSSAuditingEnabled":false,"javascriptCanCloseWindows":true,"javascriptCanOpenWindows":true,"javascriptEnabled":true,"loadImages":true,"localToRemoteUrlAccessEnabled":false,"userAgent":"Mozilla/5.0 (Windows NT 6.2; WOW64) AppleWebKit/538.1 (KHTML, like Gecko) PhantomJS/2.1.1 Safari/538.1","webSecurityEnabled":true}
[INFO  - 2016-10-10T12:46:03.976Z] Session [81532c00-8ee7-11e6-81e1-9b2062fa4589] - page.customHeaders:  - {}
[INFO  - 2016-10-10T12:46:03.976Z] Session [81532c00-8ee7-11e6-81e1-9b2062fa4589] - Session.negotiatedCapabilities - {"browserName":"phantomjs","version":"2.1.1","driverName":"ghostdriver","driverVersion":"1.2.0","platform":"windows-8.1-32bit","javascriptEnabled":true,"takesScreenshot":true,"handlesAlerts":false,"databaseEnabled":false,"locationContextEnabled":false,"applicationCacheEnabled":false,"browserConnectionEnabled":false,"cssSelectorsEnabled":true,"webStorageEnabled":false,"rotatable":false,"acceptSslCerts":false,"nativeEvents":true,"proxy":{"proxyType":"direct"}}
[INFO  - 2016-10-10T12:46:03.976Z] SessionManagerReqHand - _postNewSessionCommand - New Session Created: 81532c00-8ee7-11e6-81e1-9b2062fa4589
[INFO  - 2016-10-10T12:46:37.158Z] ShutdownReqHand - _handle - About to shutdown
[INFO  - 2016-10-11T06:24:40.763Z] GhostDriver - Main - running on port 2192
[INFO  - 2016-10-11T06:24:41.056Z] Session [6474bba0-8f7b-11e6-890d-896c426f6a4d] - page.settings - {"XSSAuditingEnabled":false,"javascriptCanCloseWindows":true,"javascriptCanOpenWindows":true,"javascriptEnabled":true,"loadImages":true,"localToRemoteUrlAccessEnabled":false,"userAgent":"Mozilla/5.0 (Windows NT 6.2; WOW64) AppleWebKit/538.1 (KHTML, like Gecko) PhantomJS/2.1.1 Safari/538.1","webSecurityEnabled":true}
[INFO  - 2016-10-11T06:24:41.056Z] Session [6474bba0-8f7b-11e6-890d-896c426f6a4d] - page.customHeaders:  - {}
[INFO  - 2016-10-11T06:24:41.056Z] Session [6474bba0-8f7b-11e6-890d-896c426f6a4d] - Session.negotiatedCapabilities - {"browserName":"phantomjs","version":"2.1.1","driverName":"ghostdriver","driverVersion":"1.2.0","platform":"windows-8.1-32bit","javascriptEnabled":true,"takesScreenshot":true,"handlesAlerts":false,"databaseEnabled":false,"locationContextEnabled":false,"applicationCacheEnabled":false,"browserConnectionEnabled":false,"cssSelectorsEnabled":true,"webStorageEnabled":false,"rotatable":false,"acceptSslCerts":false,"nativeEvents":true,"proxy":{"proxyType":"direct"}}
[INFO  - 2016-10-11T06:24:41.057Z] SessionManagerReqHand - _postNewSessionCommand - New Session Created: 6474bba0-8f7b-11e6-890d-896c426f6a4d
[INFO  - 2016-10-11T06:25:14.374Z] ShutdownReqHand - _handle - About to shutdown
